1                                       The SAS System             15:36 Wednesday, May 2, 2018

NOTE: Copyright (c) 2016 by SAS Institute Inc., Cary, NC, USA. 
NOTE: SAS (r) Proprietary Software 9.4 (TS1M5) 
      Licensed to SAS INTERNAL 940 17W43 WX6+ FULL PROD+GRID RESTRIC, Site 70146502.
NOTE: This session is executing on the X64_10PRO  platform.



NOTE: Updated analytical products:
      
      SAS/STAT 14.3
      SAS/ETS 14.3
      SAS/OR 14.3
      SAS/IML 14.3
      SAS/QC 14.3

NOTE: Additional host information:

 X64_10PRO WIN 10.0.16299  Workstation

NOTE: SAS initialization used:
      real time           0.24 seconds
      cpu time            0.21 seconds
      
1          /*
2          NOTE:
3          	EBGM metrics can be added to the output through the %disproportionality macro or
3        ! called separately through %EBGM
4          	When EBGM is requested it can take awhile to execute - the example data provided
4        ! runs around 30 minutes on my laptop
5          	You can tinker with the MCMC settings within the %EBGM macro - specifically
5        ! nmc=10000 thin=5 can be altered
6          
7          	The disproportionality macro will preserve the input dataset columns and add
7        ! columns:
8          		Prod_Total
9          		Event_Total
10         		Total
11         		RR
12         		ROR
13         		IC
14         		PRR
15         		LNPRR_SE
16         		PRR_LCL
17         		PRR_UCL
18         		EXP11
19         		EXP12
20         		EXP21
21         		EXP22
22         		PRR_CHISQ
23         		PRR_PVALUE
24         		PRR_E11
2                                       The SAS System             15:36 Wednesday, May 2, 2018

25         		PRR_SRR
26         		These are added when EBGM=Y
27         			EBGM_Unadj
28         			EBGM
29         			EBGM05
30         			EBGM95
31         */
32         
33         ods html5;
NOTE: Writing HTML5 Body file: sashtml.htm
34         ods graphics on;
35         ods listing close;
36         
37         /* include the macros */
38         %include '../../../../Disproportionality Measures/Macros/create2x2.sas';
143        %include '../../../../Disproportionality Measures/Macros/disproportionality.sas';
232        %include '../../../../Disproportionality Measures/Macros/EBGM.sas';
328        
329        /* define a library where the input data is located.  This library points to the
329      ! simulated data example */
330        libname sim_in './examples';
NOTE: Libref SIM_IN was successfully assigned as follows: 
      Engine:        V9 
      Physical Name: 
      C:\PROJECTS\SAS-Mini-Projects\Parallelism\Connect\Examples\Disproportionality 
      Measures\examples
331        
332        /* Example 1 - Each case is a single pair with one drug and one event*/
333                /* Create the 2x2 tables from the drug/event pairs */
334                %create2x2(sim_in.ex1,ex1,Case_N,DrugName,EventName);

NOTE: There were 250000 observations read from the data set SIM_IN.EX1.
NOTE: The data set WORK.EVENTS has 250000 observations and 2 variables.
NOTE: DATA statement used (Total process time):
      real time           0.13 seconds
      cpu time            0.04 seconds
      


NOTE: There were 250000 observations read from the data set SIM_IN.EX1.
NOTE: The data set WORK.PRODS has 250000 observations and 2 variables.
NOTE: DATA statement used (Total process time):
      real time           0.12 seconds
      cpu time            0.06 seconds
      

NOTE: Table WORK.EVENTS created, with 250000 rows and 2 columns.

NOTE: Table WORK.PRODS created, with 250000 rows and 2 columns.

NOTE: Table WORK.PROD_EVENT created, with 250000 rows and 3 columns.
3                                       The SAS System             15:36 Wednesday, May 2, 2018


NOTE: PROCEDURE SQL used (Total process time):
      real time           0.35 seconds
      cpu time            0.26 seconds
      

NOTE: Table WORK.N11 created, with 91924 rows and 3 columns.

NOTE: Table WORK.N1X created, with 1398 rows and 2 columns.

NOTE: Table WORK.NX1 created, with 952 rows and 2 columns.

NOTE: Table WORK.EX1 created, with 91924 rows and 6 columns.

NOTE: Table WORK.N11 has been dropped.
NOTE: Table WORK.N1X has been dropped.
NOTE: Table WORK.NX1 has been dropped.
NOTE: Table WORK.EVENTS has been dropped.
NOTE: Table WORK.PRODS has been dropped.
NOTE: Table WORK.PROD_EVENT has been dropped.
NOTE: PROCEDURE SQL used (Total process time):
      real time           0.38 seconds
      cpu time            0.56 seconds
      

335                /* add the disproportionality measures to the 2x2 data */
336                %disproportionality(ex1,ex1a,DrugName,EventName,1.96,EBGM=N);

NOTE: There were 91924 observations read from the data set WORK.EX1.
NOTE: The data set WORK.EX1 has 91924 observations and 6 variables.
NOTE: PROCEDURE SORT used (Total process time):
      real time           0.09 seconds
      cpu time            0.01 seconds
      


NOTE: There were 91924 observations read from the data set WORK.EX1.
NOTE: The data set WORK.EX1A has 91924 observations and 24 variables.
NOTE: DATA statement used (Total process time):
      real time           0.06 seconds
      cpu time            0.06 seconds
      

337                /* add the disporportionality measures, including EBGM, to the 2x2 data */
338                %disproportionality(ex1,ex1b,DrugName,EventName,1.96,EBGM=Y);

NOTE: Input data set is already sorted, no sorting done.
NOTE: PROCEDURE SORT used (Total process time):
      real time           0.00 seconds
      cpu time            0.00 seconds
      
4                                       The SAS System             15:36 Wednesday, May 2, 2018



NOTE: There were 91924 observations read from the data set WORK.EX1.
NOTE: The data set WORK.EX1B has 91924 observations and 24 variables.
NOTE: DATA statement used (Total process time):
      real time           0.07 seconds
      cpu time            0.07 seconds
      


NOTE: There were 91924 observations read from the data set WORK.EX1B.
NOTE: The data set WORK.EX1B has 91924 observations and 24 variables.
NOTE: PROCEDURE SORT used (Total process time):
      real time           0.04 seconds
      cpu time            0.04 seconds
      


NOTE: There were 91924 observations read from the data set WORK.EX1B.
NOTE: The data set WORK.EX1B has 91924 observations and 26 variables.
NOTE: DATA statement used (Total process time):
      real time           0.03 seconds
      cpu time            0.03 seconds
      



NOTE: Starting optimization.
NOTE: Tuning the proposal distribution.
NOTE: Generating the burn-in samples.
NOTE: Beginning sample generation.
NOTE: Generating diagnostic plots.
NOTE: The data set WORK.MCMC_PARMS has 5 observations and 6 variables.
NOTE: PROCEDURE MCMC used (Total process time):
      real time           2:22.32
      cpu time            11:34.65
      

5                                                     The SAS System                          15:36 Wednesday, May 2, 2018


NOTE: Numeric values have been converted to character values at the places given by: (Line):(Column).
      338:129   338:174   
NOTE: There were 5 observations read from the data set WORK.MCMC_PARMS.
NOTE: DATA statement used (Total process time):
      real time           0.00 seconds
      cpu time            0.00 seconds
      

NOTE: Table WORK.MCMC_PARMS has been dropped.
NOTE: PROCEDURE SQL used (Total process time):
      real time           0.01 seconds
      cpu time            0.01 seconds
      


NOTE: There were 91924 observations read from the data set WORK.EX1B.
NOTE: The data set WORK.EX1B has 91924 observations and 29 variables.
NOTE: DATA statement used (Total process time):
      real time           0.83 seconds
      cpu time            0.82 seconds
      

339                /* add just the EBGM measures to the 2x2 data */
340                %EBGM(ex1a,ex1a,DrugName,EventName);

NOTE: There were 91924 observations read from the data set WORK.EX1A.
NOTE: The data set WORK.EX1A has 91924 observations and 24 variables.
NOTE: PROCEDURE SORT used (Total process time):
      real time           0.04 seconds
      cpu time            0.04 seconds
      


NOTE: There were 91924 observations read from the data set WORK.EX1A.
NOTE: The data set WORK.EX1A has 91924 observations and 26 variables.
NOTE: DATA statement used (Total process time):
      real time           0.03 seconds
6                                                     The SAS System                          15:36 Wednesday, May 2, 2018

      cpu time            0.03 seconds
      



NOTE: Starting optimization.
NOTE: Tuning the proposal distribution.
NOTE: Generating the burn-in samples.
NOTE: Beginning sample generation.
NOTE: Generating diagnostic plots.
NOTE: The data set WORK.MCMC_PARMS has 5 observations and 6 variables.
NOTE: PROCEDURE MCMC used (Total process time):
      real time           2:23.99
      cpu time            11:52.65
      


NOTE: Numeric values have been converted to character values at the places given by: (Line):(Column).
      340:129   340:174   
NOTE: There were 5 observations read from the data set WORK.MCMC_PARMS.
NOTE: DATA statement used (Total process time):
      real time           0.00 seconds
      cpu time            0.00 seconds
      

NOTE: Table WORK.MCMC_PARMS has been dropped.
NOTE: PROCEDURE SQL used (Total process time):
      real time           0.00 seconds
      cpu time            0.00 seconds
      


NOTE: There were 91924 observations read from the data set WORK.EX1A.
NOTE: The data set WORK.EX1A has 91924 observations and 29 variables.
NOTE: DATA statement used (Total process time):
      real time           0.84 seconds
      cpu time            0.84 seconds
      
7                                                     The SAS System                          15:36 Wednesday, May 2, 2018


341        
342        
343        /* Example 2 - each case is made up of a single drug and a group of one or more events */
344                /* Wide Data where events are a delimited list */
345                        /* Create the 2x2 tables and add the disproportionality measures including EBGM */
346                        %create2x2(sim_in.ex2,ex2,Case_N,DrugName,Events);

NOTE: There were 250000 observations read from the data set SIM_IN.EX2.
NOTE: The data set WORK.EVENTS has 820124 observations and 2 variables.
NOTE: DATA statement used (Total process time):
      real time           0.51 seconds
      cpu time            0.51 seconds
      


NOTE: There were 250000 observations read from the data set SIM_IN.EX2.
NOTE: The data set WORK.PRODS has 250000 observations and 2 variables.
NOTE: DATA statement used (Total process time):
      real time           0.14 seconds
      cpu time            0.07 seconds
      

NOTE: Table WORK.EVENTS created, with 820124 rows and 2 columns.

NOTE: Table WORK.PRODS created, with 250000 rows and 2 columns.

NOTE: Table WORK.PROD_EVENT created, with 820124 rows and 3 columns.

NOTE: PROCEDURE SQL used (Total process time):
      real time           2.55 seconds
      cpu time            3.21 seconds
      

NOTE: Table WORK.N11 created, with 175027 rows and 3 columns.

NOTE: Table WORK.N1X created, with 1398 rows and 2 columns.

8                                                     The SAS System                          15:36 Wednesday, May 2, 2018

NOTE: Table WORK.NX1 created, with 952 rows and 2 columns.

NOTE: Table WORK.EX2 created, with 175027 rows and 6 columns.

NOTE: Table WORK.N11 has been dropped.
NOTE: Table WORK.N1X has been dropped.
NOTE: Table WORK.NX1 has been dropped.
NOTE: Table WORK.EVENTS has been dropped.
NOTE: Table WORK.PRODS has been dropped.
NOTE: Table WORK.PROD_EVENT has been dropped.
NOTE: PROCEDURE SQL used (Total process time):
      real time           2.58 seconds
      cpu time            4.03 seconds
      

347                        %disproportionality(ex2,ex2,DrugName,Events,1.96,EBGM=Y);

NOTE: There were 175027 observations read from the data set WORK.EX2.
NOTE: The data set WORK.EX2 has 175027 observations and 6 variables.
NOTE: PROCEDURE SORT used (Total process time):
      real time           0.15 seconds
      cpu time            0.28 seconds
      


NOTE: There were 175027 observations read from the data set WORK.EX2.
NOTE: The data set WORK.EX2 has 175027 observations and 24 variables.
NOTE: DATA statement used (Total process time):
      real time           0.21 seconds
      cpu time            0.21 seconds
      


NOTE: There were 175027 observations read from the data set WORK.EX2.
NOTE: The data set WORK.EX2 has 175027 observations and 24 variables.
NOTE: PROCEDURE SORT used (Total process time):
      real time           0.20 seconds
      cpu time            0.29 seconds
9                                                     The SAS System                          15:36 Wednesday, May 2, 2018

      


NOTE: There were 175027 observations read from the data set WORK.EX2.
NOTE: The data set WORK.EX2 has 175027 observations and 26 variables.
NOTE: DATA statement used (Total process time):
      real time           0.14 seconds
      cpu time            0.14 seconds
      



NOTE: Starting optimization.
NOTE: Tuning the proposal distribution.
NOTE: Generating the burn-in samples.
NOTE: Beginning sample generation.
NOTE: Generating diagnostic plots.
NOTE: The data set WORK.MCMC_PARMS has 5 observations and 6 variables.
NOTE: PROCEDURE MCMC used (Total process time):
      real time           4:34.78
      cpu time            22:44.78
      


NOTE: Numeric values have been converted to character values at the places given by: (Line):(Column).
      347:129   347:174   
NOTE: There were 5 observations read from the data set WORK.MCMC_PARMS.
NOTE: DATA statement used (Total process time):
      real time           0.00 seconds
      cpu time            0.00 seconds
      

NOTE: Table WORK.MCMC_PARMS has been dropped.
NOTE: PROCEDURE SQL used (Total process time):
      real time           0.00 seconds
      cpu time            0.00 seconds
      

10                                                    The SAS System                          15:36 Wednesday, May 2, 2018


NOTE: There were 175027 observations read from the data set WORK.EX2.
NOTE: The data set WORK.EX2 has 175027 observations and 29 variables.
NOTE: DATA statement used (Total process time):
      real time           1.72 seconds
      cpu time            1.67 seconds
      

348        
349                /* Long Data where the drug/event pairs are on separate rows linked by the Case_N variable */
350                        /* Create the 2x2 tables and add the disproportionality measures including EBGM */
351                        %create2x2(sim_in.ex2_long,ex2_long,Case_N,DrugName,EventName);

NOTE: There were 820124 observations read from the data set SIM_IN.EX2_LONG.
NOTE: The data set WORK.EVENTS has 820124 observations and 2 variables.
NOTE: DATA statement used (Total process time):
      real time           0.18 seconds
      cpu time            0.18 seconds
      


NOTE: There were 820124 observations read from the data set SIM_IN.EX2_LONG.
NOTE: The data set WORK.PRODS has 820124 observations and 2 variables.
NOTE: DATA statement used (Total process time):
      real time           0.20 seconds
      cpu time            0.20 seconds
      

NOTE: Table WORK.EVENTS created, with 820124 rows and 2 columns.

NOTE: Table WORK.PRODS created, with 250000 rows and 2 columns.

NOTE: Table WORK.PROD_EVENT created, with 820124 rows and 3 columns.

NOTE: PROCEDURE SQL used (Total process time):
      real time           0.57 seconds
      cpu time            0.90 seconds
      
11                                                    The SAS System                          15:36 Wednesday, May 2, 2018


NOTE: Table WORK.N11 created, with 175027 rows and 3 columns.

NOTE: Table WORK.N1X created, with 1398 rows and 2 columns.

NOTE: Table WORK.NX1 created, with 952 rows and 2 columns.

NOTE: Table WORK.EX2_LONG created, with 175027 rows and 6 columns.

NOTE: Table WORK.N11 has been dropped.
NOTE: Table WORK.N1X has been dropped.
NOTE: Table WORK.NX1 has been dropped.
NOTE: Table WORK.EVENTS has been dropped.
NOTE: Table WORK.PRODS has been dropped.
NOTE: Table WORK.PROD_EVENT has been dropped.
NOTE: PROCEDURE SQL used (Total process time):
      real time           0.62 seconds
      cpu time            1.09 seconds
      

352                        %disproportionality(ex2_long,ex2_long,DrugName,EventName,1.96,EBGM=Y);

NOTE: There were 175027 observations read from the data set WORK.EX2_LONG.
NOTE: The data set WORK.EX2_LONG has 175027 observations and 6 variables.
NOTE: PROCEDURE SORT used (Total process time):
      real time           0.03 seconds
      cpu time            0.07 seconds
      


NOTE: There were 175027 observations read from the data set WORK.EX2_LONG.
NOTE: The data set WORK.EX2_LONG has 175027 observations and 24 variables.
NOTE: DATA statement used (Total process time):
      real time           0.12 seconds
      cpu time            0.12 seconds
      


12                                                    The SAS System                          15:36 Wednesday, May 2, 2018

NOTE: There were 175027 observations read from the data set WORK.EX2_LONG.
NOTE: The data set WORK.EX2_LONG has 175027 observations and 24 variables.
NOTE: PROCEDURE SORT used (Total process time):
      real time           0.06 seconds
      cpu time            0.09 seconds
      


NOTE: There were 175027 observations read from the data set WORK.EX2_LONG.
NOTE: The data set WORK.EX2_LONG has 175027 observations and 26 variables.
NOTE: DATA statement used (Total process time):
      real time           0.07 seconds
      cpu time            0.07 seconds
      



NOTE: Starting optimization.
NOTE: Tuning the proposal distribution.
NOTE: Generating the burn-in samples.
NOTE: Beginning sample generation.
NOTE: Generating diagnostic plots.
NOTE: The data set WORK.MCMC_PARMS has 5 observations and 6 variables.
NOTE: PROCEDURE MCMC used (Total process time):
      real time           4:37.08
      cpu time            22:29.96
      


NOTE: Numeric values have been converted to character values at the places given by: (Line):(Column).
      352:129   352:174   
NOTE: There were 5 observations read from the data set WORK.MCMC_PARMS.
NOTE: DATA statement used (Total process time):
      real time           0.00 seconds
      cpu time            0.00 seconds
      

NOTE: Table WORK.MCMC_PARMS has been dropped.
13                                                    The SAS System                          15:36 Wednesday, May 2, 2018

NOTE: PROCEDURE SQL used (Total process time):
      real time           0.00 seconds
      cpu time            0.01 seconds
      


NOTE: There were 175027 observations read from the data set WORK.EX2_LONG.
NOTE: The data set WORK.EX2_LONG has 175027 observations and 29 variables.
NOTE: DATA statement used (Total process time):
      real time           1.58 seconds
      cpu time            1.57 seconds
      

353        
354        
355        /* Example 3 - each case is made up of a group of one or more drugs and a single event */
356                /* Wide Data where drugs are a delimited list */
357                        /* Create the 2x2 tables and add the disproportionality measures including EBGM */
358                        %create2x2(sim_in.ex3,ex3,Case_N,Drugs,EventName);

NOTE: There were 250000 observations read from the data set SIM_IN.EX3.
NOTE: The data set WORK.EVENTS has 250000 observations and 2 variables.
NOTE: DATA statement used (Total process time):
      real time           0.14 seconds
      cpu time            0.06 seconds
      


NOTE: There were 250000 observations read from the data set SIM_IN.EX3.
NOTE: The data set WORK.PRODS has 849010 observations and 2 variables.
NOTE: DATA statement used (Total process time):
      real time           0.51 seconds
      cpu time            0.51 seconds
      

NOTE: Table WORK.EVENTS created, with 250000 rows and 2 columns.

NOTE: Table WORK.PRODS created, with 849010 rows and 2 columns.
14                                                    The SAS System                          15:36 Wednesday, May 2, 2018


NOTE: Table WORK.PROD_EVENT created, with 849010 rows and 3 columns.

NOTE: PROCEDURE SQL used (Total process time):
      real time           2.63 seconds
      cpu time            3.37 seconds
      

NOTE: Table WORK.N11 created, with 176723 rows and 3 columns.

NOTE: Table WORK.N1X created, with 1398 rows and 2 columns.

NOTE: Table WORK.NX1 created, with 952 rows and 2 columns.

NOTE: Table WORK.EX3 created, with 176723 rows and 6 columns.

NOTE: Table WORK.N11 has been dropped.
NOTE: Table WORK.N1X has been dropped.
NOTE: Table WORK.NX1 has been dropped.
NOTE: Table WORK.EVENTS has been dropped.
NOTE: Table WORK.PRODS has been dropped.
NOTE: Table WORK.PROD_EVENT has been dropped.
NOTE: PROCEDURE SQL used (Total process time):
      real time           3.20 seconds
      cpu time            4.73 seconds
      

359                        %disproportionality(ex3,ex3,Drugs,EventName,1.96,EBGM=Y);

NOTE: There were 176723 observations read from the data set WORK.EX3.
NOTE: The data set WORK.EX3 has 176723 observations and 6 variables.
NOTE: PROCEDURE SORT used (Total process time):
      real time           0.18 seconds
      cpu time            0.39 seconds
      


NOTE: There were 176723 observations read from the data set WORK.EX3.
15                                                    The SAS System                          15:36 Wednesday, May 2, 2018

NOTE: The data set WORK.EX3 has 176723 observations and 24 variables.
NOTE: DATA statement used (Total process time):
      real time           0.21 seconds
      cpu time            0.21 seconds
      


NOTE: There were 176723 observations read from the data set WORK.EX3.
NOTE: The data set WORK.EX3 has 176723 observations and 24 variables.
NOTE: PROCEDURE SORT used (Total process time):
      real time           0.20 seconds
      cpu time            0.36 seconds
      


NOTE: There were 176723 observations read from the data set WORK.EX3.
NOTE: The data set WORK.EX3 has 176723 observations and 26 variables.
NOTE: DATA statement used (Total process time):
      real time           0.15 seconds
      cpu time            0.15 seconds
      



NOTE: Starting optimization.
NOTE: Tuning the proposal distribution.
NOTE: Generating the burn-in samples.
NOTE: Beginning sample generation.
NOTE: Generating diagnostic plots.
NOTE: The data set WORK.MCMC_PARMS has 5 observations and 6 variables.
NOTE: PROCEDURE MCMC used (Total process time):
      real time           4:53.36
      cpu time            23:15.98
      


NOTE: Numeric values have been converted to character values at the places given by: (Line):(Column).
      359:129   359:174   
16                                                    The SAS System                          15:36 Wednesday, May 2, 2018

NOTE: There were 5 observations read from the data set WORK.MCMC_PARMS.
NOTE: DATA statement used (Total process time):
      real time           0.00 seconds
      cpu time            0.00 seconds
      

NOTE: Table WORK.MCMC_PARMS has been dropped.
NOTE: PROCEDURE SQL used (Total process time):
      real time           0.00 seconds
      cpu time            0.00 seconds
      


NOTE: There were 176723 observations read from the data set WORK.EX3.
NOTE: The data set WORK.EX3 has 176723 observations and 29 variables.
NOTE: DATA statement used (Total process time):
      real time           1.68 seconds
      cpu time            1.67 seconds
      

360        
361                /* Long Data where the drug/event pairs are on separate rows linked by the Case_N variable */
362                        /* Create the 2x2 tables and add the disproportionality measures including EBGM */
363                        %create2x2(sim_in.ex3_long,ex3_long,Case_N,DrugName,EventName);

NOTE: There were 849010 observations read from the data set SIM_IN.EX3_LONG.
NOTE: The data set WORK.EVENTS has 849010 observations and 2 variables.
NOTE: DATA statement used (Total process time):
      real time           0.21 seconds
      cpu time            0.21 seconds
      


NOTE: There were 849010 observations read from the data set SIM_IN.EX3_LONG.
NOTE: The data set WORK.PRODS has 849010 observations and 2 variables.
NOTE: DATA statement used (Total process time):
      real time           0.20 seconds
      cpu time            0.20 seconds
17                                                    The SAS System                          15:36 Wednesday, May 2, 2018

      

NOTE: Table WORK.EVENTS created, with 250000 rows and 2 columns.

NOTE: Table WORK.PRODS created, with 849010 rows and 2 columns.

NOTE: Table WORK.PROD_EVENT created, with 849010 rows and 3 columns.

NOTE: PROCEDURE SQL used (Total process time):
      real time           0.58 seconds
      cpu time            0.76 seconds
      

NOTE: Table WORK.N11 created, with 176723 rows and 3 columns.

NOTE: Table WORK.N1X created, with 1398 rows and 2 columns.

NOTE: Table WORK.NX1 created, with 952 rows and 2 columns.

NOTE: Table WORK.EX3_LONG created, with 176723 rows and 6 columns.

NOTE: Table WORK.N11 has been dropped.
NOTE: Table WORK.N1X has been dropped.
NOTE: Table WORK.NX1 has been dropped.
NOTE: Table WORK.EVENTS has been dropped.
NOTE: Table WORK.PRODS has been dropped.
NOTE: Table WORK.PROD_EVENT has been dropped.
NOTE: PROCEDURE SQL used (Total process time):
      real time           0.76 seconds
      cpu time            1.42 seconds
      

364                        %disproportionality(ex3_long,ex3_long,DrugName,EventName,1.96,EBGM=Y);

NOTE: There were 176723 observations read from the data set WORK.EX3_LONG.
NOTE: The data set WORK.EX3_LONG has 176723 observations and 6 variables.
NOTE: PROCEDURE SORT used (Total process time):
      real time           0.03 seconds
18                                                    The SAS System                          15:36 Wednesday, May 2, 2018

      cpu time            0.00 seconds
      


NOTE: There were 176723 observations read from the data set WORK.EX3_LONG.
NOTE: The data set WORK.EX3_LONG has 176723 observations and 24 variables.
NOTE: DATA statement used (Total process time):
      real time           0.13 seconds
      cpu time            0.14 seconds
      


NOTE: There were 176723 observations read from the data set WORK.EX3_LONG.
NOTE: The data set WORK.EX3_LONG has 176723 observations and 24 variables.
NOTE: PROCEDURE SORT used (Total process time):
      real time           0.06 seconds
      cpu time            0.09 seconds
      


NOTE: There were 176723 observations read from the data set WORK.EX3_LONG.
NOTE: The data set WORK.EX3_LONG has 176723 observations and 26 variables.
NOTE: DATA statement used (Total process time):
      real time           0.06 seconds
      cpu time            0.06 seconds
      



NOTE: Starting optimization.
NOTE: Tuning the proposal distribution.
NOTE: Generating the burn-in samples.
NOTE: Beginning sample generation.
NOTE: Generating diagnostic plots.
NOTE: The data set WORK.MCMC_PARMS has 5 observations and 6 variables.
NOTE: PROCEDURE MCMC used (Total process time):
      real time           4:49.21
      cpu time            23:00.35
19                                                    The SAS System                          15:36 Wednesday, May 2, 2018

      


NOTE: Numeric values have been converted to character values at the places given by: (Line):(Column).
      364:129   364:174   
NOTE: There were 5 observations read from the data set WORK.MCMC_PARMS.
NOTE: DATA statement used (Total process time):
      real time           0.00 seconds
      cpu time            0.00 seconds
      

NOTE: Table WORK.MCMC_PARMS has been dropped.
NOTE: PROCEDURE SQL used (Total process time):
      real time           0.00 seconds
      cpu time            0.00 seconds
      


NOTE: There were 176723 observations read from the data set WORK.EX3_LONG.
NOTE: The data set WORK.EX3_LONG has 176723 observations and 29 variables.
NOTE: DATA statement used (Total process time):
      real time           1.65 seconds
      cpu time            1.65 seconds
      

365        
366        
367        /* Example 4 - each case is made up of a group of one or more drugs and a group of one or more events */
368                /* In this scenario, only wide data will work.  Drugs and Events are each provided in delimited list
368      ! where each row is a distinct case */
369                %create2x2(sim_in.ex4,ex4,Case_N,Drugs,Events);

NOTE: There were 250000 observations read from the data set SIM_IN.EX4.
NOTE: The data set WORK.EVENTS has 2789160 observations and 2 variables.
NOTE: DATA statement used (Total process time):
      real time           1.76 seconds
      cpu time            1.76 seconds
      
20                                                    The SAS System                          15:36 Wednesday, May 2, 2018



NOTE: There were 250000 observations read from the data set SIM_IN.EX4.
NOTE: The data set WORK.PRODS has 2789215 observations and 2 variables.
NOTE: DATA statement used (Total process time):
      real time           2.05 seconds
      cpu time            1.96 seconds
      

NOTE: Table WORK.EVENTS created, with 820152 rows and 2 columns.

NOTE: Table WORK.PRODS created, with 2178897 rows and 2 columns.

NOTE: Table WORK.PROD_EVENT created, with 10901011 rows and 3 columns.

NOTE: PROCEDURE SQL used (Total process time):
      real time           1:57.48
      cpu time            46.06 seconds
      

NOTE: Table WORK.N11 created, with 651893 rows and 3 columns.

NOTE: Table WORK.N1X created, with 1401 rows and 2 columns.

NOTE: Table WORK.NX1 created, with 956 rows and 2 columns.

NOTE: Table WORK.EX4 created, with 651893 rows and 6 columns.

NOTE: Table WORK.N11 has been dropped.
NOTE: Table WORK.N1X has been dropped.
NOTE: Table WORK.NX1 has been dropped.
NOTE: Table WORK.EVENTS has been dropped.
NOTE: Table WORK.PRODS has been dropped.
NOTE: Table WORK.PROD_EVENT has been dropped.
NOTE: PROCEDURE SQL used (Total process time):
      real time           1:41.13
      cpu time            53.14 seconds
      
21                                                    The SAS System                          15:36 Wednesday, May 2, 2018


370                %disproportionality(ex4,ex4,Drugs,Events,1.96,EBGM=Y);

NOTE: There were 651893 observations read from the data set WORK.EX4.
NOTE: The data set WORK.EX4 has 651893 observations and 6 variables.
NOTE: PROCEDURE SORT used (Total process time):
      real time           1.46 seconds
      cpu time            3.04 seconds
      


NOTE: There were 651893 observations read from the data set WORK.EX4.
NOTE: The data set WORK.EX4 has 651893 observations and 24 variables.
NOTE: DATA statement used (Total process time):
      real time           1.07 seconds
      cpu time            1.07 seconds
      


NOTE: There were 651893 observations read from the data set WORK.EX4.
NOTE: The data set WORK.EX4 has 651893 observations and 24 variables.
NOTE: PROCEDURE SORT used (Total process time):
      real time           1.90 seconds
      cpu time            3.39 seconds
      


NOTE: There were 651893 observations read from the data set WORK.EX4.
NOTE: The data set WORK.EX4 has 651893 observations and 26 variables.
NOTE: DATA statement used (Total process time):
      real time           0.84 seconds
      cpu time            0.84 seconds
      



NOTE: Starting optimization.
WARNING: Numerical optimization is not able to produce a positive definite covariance matrix for block 1. PROC MCMC will 
22                                                    The SAS System                          15:36 Wednesday, May 2, 2018

         attempt to make the matrix positive definite through ridging.
NOTE: Tuning the proposal distribution.
NOTE: Generating the burn-in samples.
NOTE: Beginning sample generation.
WARNING: There is still significant autocorrelation after 500 lags, and the effective sample size for the parameter Mix_p 
         might not be estimated accurately.
WARNING: There is still significant autocorrelation after 500 lags, and the effective sample size for the parameter 
         alpha1 might not be estimated accurately.
WARNING: There is still significant autocorrelation after 500 lags, and the effective sample size for the parameter 
         alpha2 might not be estimated accurately.
WARNING: There is still significant autocorrelation after 500 lags, and the effective sample size for the parameter beta1 
         might not be estimated accurately.
WARNING: There is still significant autocorrelation after 500 lags, and the effective sample size for the parameter beta2 
         might not be estimated accurately.
NOTE: Generating diagnostic plots.
NOTE: The data set WORK.MCMC_PARMS has 5 observations and 6 variables.
NOTE: PROCEDURE MCMC used (Total process time):
      real time           16:51.53
      cpu time            1:26:25.46
      


NOTE: Numeric values have been converted to character values at the places given by: (Line):(Column).
      370:129   370:174   
NOTE: There were 5 observations read from the data set WORK.MCMC_PARMS.
NOTE: DATA statement used (Total process time):
      real time           0.01 seconds
      cpu time            0.01 seconds
      

NOTE: Table WORK.MCMC_PARMS has been dropped.
NOTE: PROCEDURE SQL used (Total process time):
      real time           0.00 seconds
      cpu time            0.00 seconds
      


NOTE: Invalid argument to function EXP(712.36352371) at line 370 column 252.
23                                                    The SAS System                          15:36 Wednesday, May 2, 2018

Drugs=DrugBACC Events=EventEFH N11=2340 N12=11449 N21=8263 N22=227948 Prod_Total=13789 Event_Total=10603 Total=250000
RR=23983.273 ROR=5.638 IC=2.000 PRR=4.851 LNPRR_SE=0.0217167394 PRR_LCL=4.649 PRR_UCL=5.062 EXP11=584.819068
EXP12=13204.180932 EXP21=10018.180932 EXP22=226192.81907 PRR_CHISQ=5822.151 PRR_PVALUE=<.0001 PRR_E11=482.35902223
PRR_SRR=4.847170483 E11=584.819068 EBGM_Unadj=4.0012375246 p1=0.992868247 q1=0.007131753 p2=0.9822163902 q2=0.0177836098
f1=0.0000213221 f2=. f=. mc=1E-150 c=0 c1=1 Qn=. E_Lambda=. E_LogLambda=. EBlog2=. EBGM=. alpha1_=2347.6911218
beta1_=589.01981183 alpha2_=2547.2014026 beta2_=595.4075638 EBGM05=. EBGM95=. _ERROR_=1 _N_=12347
NOTE: Invalid argument to function EXP(787.10484654) at line 370 column 252.
Drugs=DrugBACC Events=EventFC N11=3407 N12=10382 N21=19383 N22=216828 Prod_Total=13789 Event_Total=22790 Total=250000
RR=23285.218 ROR=3.671 IC=1.438 PRR=3.011 LNPRR_SE=0.0163813881 PRR_LCL=2.916 PRR_UCL=3.109 EXP11=1257.00524
EXP12=12531.99476 EXP21=21532.99476 EXP22=214678.00524 PRR_CHISQ=4282.429 PRR_PVALUE=<.0001 PRR_E11=1131.4976314
PRR_SRR=3.0101653092 E11=1257.00524 EBGM_Unadj=2.7104103401 p1=0.9966692643 q1=0.0033307357 p2=0.9916467749
q2=0.0083532251 f1=0.0001633066 f2=. f=. mc=1E-150 c=0 c1=1 Qn=. E_Lambda=. E_LogLambda=. EBlog2=. EBGM=.
alpha1_=3414.6911218 beta1_=1261.2059838 alpha2_=3614.2014026 beta2_=1267.5937358 EBGM05=. EBGM95=. _ERROR_=1 _N_=12414
NOTE: Invalid argument to function EXP(804.45033289) at line 370 column 252.
Drugs=DrugBAFF Events=EventFCG N11=3715 N12=8597 N21=17954 N22=219734 Prod_Total=12312 Event_Total=21669 Total=250000
RR=27331.450 ROR=5.289 IC=1.799 PRR=3.995 LNPRR_SE=0.0154741116 PRR_LCL=3.875 PRR_UCL=4.118 EXP11=1067.154912
EXP12=11244.845088 EXP21=20601.845088 EXP22=217086.15491 PRR_CHISQ=7565.986 PRR_PVALUE=<.0001 PRR_E11=929.99919222
PRR_SRR=3.9930179747 E11=1067.154912 EBGM_Unadj=3.4812190416 p1=0.9960790389 q1=0.0039209611 p2=0.9901753091
q2=0.0098246909 f1=0.000040472 f2=. f=. mc=1E-150 c=0 c1=1 Qn=. E_Lambda=. E_LogLambda=. EBlog2=. EBGM=.
alpha1_=3722.6911218 beta1_=1071.3556558 alpha2_=3922.2014026 beta2_=1077.7434078 EBGM05=. EBGM95=. _ERROR_=1 _N_=31779
NOTE: Invalid argument to function EXP(715.87960089) at line 370 column 252.
Drugs=DrugBAFF Events=EventFJB N11=2382 N12=9930 N21=1611 N22=236077 Prod_Total=12312 Event_Total=3993 Total=250000
RR=36522.539 ROR=35.152 IC=3.595 PRR=28.545 LNPRR_SE=0.0309049992 PRR_LCL=26.867 PRR_UCL=30.327 EXP11=196.647264
EXP12=12115.352736 EXP21=3796.352736 EXP22=233891.64726 PRR_CHISQ=25958.553 PRR_PVALUE=<.0001 PRR_E11=83.448184174
PRR_SRR=28.380601956 E11=196.647264 EBGM_Unadj=12.113059452 p1=0.9790849614 q1=0.0209150386 p2=0.9489060391
q2=0.0510939609 f1=2.409697E-16 f2=. f=. mc=1E-150 c=0 c1=1 Qn=. E_Lambda=. E_LogLambda=. EBlog2=. EBGM=.
alpha1_=2389.6911218 beta1_=200.84800783 alpha2_=2589.2014026 beta2_=207.2357598 EBGM05=. EBGM95=. _ERROR_=1 _N_=31846
NOTE: Invalid argument to function EXP(726.79137008) at line 370 column 252.
Drugs=DrugBCBA Events=EventFC N11=2517 N12=16003 N21=20273 N22=211207 Prod_Total=18520 Event_Total=22790 Total=250000
RR=15232.389 ROR=1.639 IC=0.576 PRR=1.552 LNPRR_SE=0.0197055666 PRR_LCL=1.493 PRR_UCL=1.613 EXP11=1688.2832
EXP12=16831.7168 EXP21=21101.7168 EXP22=210378.2832 PRR_CHISQ=483.399 PRR_PVALUE=<.0001 PRR_E11=1621.9801279
PRR_SRR=1.5516368779 E11=1688.2832 EBGM_Unadj=1.4908636181 p1=0.9975180008 q1=0.0024819992 p2=0.9937673364 q2=0.0062326636
f1=0.0003731874 f2=. f=. mc=1E-150 c=0 c1=1 Qn=. E_Lambda=. E_LogLambda=. EBlog2=. EBGM=. alpha1_=2524.6911218
beta1_=1692.4839438 alpha2_=2724.2014026 beta2_=1698.8716958 EBGM05=. EBGM95=. _ERROR_=1 _N_=115654
NOTE: Invalid argument to function EXP(717.61539629) at line 370 column 252.
Drugs=DrugBCBA Events=EventFCG N11=2403 N12=16117 N21=19266 N22=212214 Prod_Total=18520 Event_Total=21669 Total=250000
RR=14948.120 ROR=1.642 IC=0.582 PRR=1.559 LNPRR_SE=0.0202419289 PRR_LCL=1.498 PRR_UCL=1.622 EXP11=1605.23952
EXP12=16914.76048 EXP21=20063.76048 EXP22=211416.23952 PRR_CHISQ=468.821 PRR_PVALUE=<.0001 PRR_E11=1541.4131674
24                                                    The SAS System                          15:36 Wednesday, May 2, 2018

PRR_SRR=1.5587777903 E11=1605.23952 EBGM_Unadj=1.496972863 p1=0.9973899349 q1=0.0026100651 p2=0.9934470156 q2=0.0065529844
f1=0.0003931342 f2=. f=. mc=1E-150 c=0 c1=1 Qn=. E_Lambda=. E_LogLambda=. EBlog2=. EBGM=. alpha1_=2410.6911218
beta1_=1609.4402638 alpha2_=2610.2014026 beta2_=1615.8280158 EBGM05=. EBGM95=. _ERROR_=1 _N_=115661
NOTE: Invalid argument to function EXP(718.43685494) at line 370 column 252.
Drugs=DrugBCDD Events=EventFC N11=2413 N12=15212 N21=20377 N22=211998 Prod_Total=17625 Event_Total=22790 Total=250000
RR=14926.389 ROR=1.650 IC=0.587 PRR=1.561 LNPRR_SE=0.0200613021 PRR_LCL=1.501 PRR_UCL=1.624 EXP11=1606.695 EXP12=16018.305
EXP21=21183.305 EXP22=211191.695 PRR_CHISQ=478.992 PRR_PVALUE=<.0001 PRR_E11=1545.5389995 PRR_SRR=1.5610861051
E11=1606.695 EBGM_Unadj=1.5018407352 p1=0.9973922932 q1=0.0026077068 p2=0.993452913 q2=0.006547087 f1=0.0003932762 f2=.
f=. mc=1E-150 c=0 c1=1 Qn=. E_Lambda=. E_LogLambda=. EBlog2=. EBGM=. alpha1_=2420.6911218 beta1_=1610.8957438
alpha2_=2620.2014026 beta2_=1617.2834958 EBGM05=. EBGM95=. _ERROR_=1 _N_=126672
NOTE: Invalid argument to function EXP(717.94437277) at line 370 column 252.
Drugs=DrugBFA Events=EventFCG N11=2407 N12=10441 N21=19262 N22=217890 Prod_Total=12848 Event_Total=21669 Total=250000
RR=17433.439 ROR=2.608 IC=1.112 PRR=2.307 LNPRR_SE=0.0196295894 PRR_LCL=2.220 PRR_UCL=2.397 EXP11=1113.613248
EXP12=11734.386752 EXP21=20555.386752 EXP22=216596.61325 PRR_CHISQ=1733.847 PRR_PVALUE=<.0001 PRR_E11=1043.5424369
PRR_SRR=2.30594075 E11=1113.613248 EBGM_Unadj=2.1614326197 p1=0.996242001 q1=0.003757999 p2=0.9905813206 q2=0.0094186794
f1=0.000406022 f2=. f=. mc=1E-150 c=0 c1=1 Qn=. E_Lambda=. E_LogLambda=. EBlog2=. EBGM=. alpha1_=2414.6911218
beta1_=1117.8139918 alpha2_=2614.2014026 beta2_=1124.2017438 EBGM05=. EBGM95=. _ERROR_=1 _N_=218489
NOTE: Invalid argument to function EXP(770.7249852) at line 370 column 252.
Drugs=DrugDAJ Events=EventFC N11=3139 N12=22494 N21=19651 N22=204716 Prod_Total=25633 Event_Total=22790 Total=250000
RR=16206.142 ROR=1.454 IC=0.426 PRR=1.398 LNPRR_SE=0.0180552373 PRR_LCL=1.350 PRR_UCL=1.449 EXP11=2336.70428
EXP12=23296.29572 EXP21=20453.29572 EXP22=203913.70428 PRR_CHISQ=337.722 PRR_PVALUE=<.0001 PRR_E11=2245.0453186
PRR_SRR=1.3981013761 E11=2336.70428 EBGM_Unadj=1.3433449953 p1=0.9982055044 q1=0.0017944956 p2=0.9954890605
q2=0.0045109395 f1=0.0002496693 f2=. f=. mc=1E-150 c=0 c1=1 Qn=. E_Lambda=. E_LogLambda=. EBlog2=. EBGM=.
alpha1_=3146.6911218 beta1_=2340.9050238 alpha2_=3346.2014026 beta2_=2347.2927758 EBGM05=. EBGM95=. _ERROR_=1 _N_=298887
NOTE: Invalid argument to function EXP(752.23563866) at line 370 column 252.
Drugs=DrugDAJ Events=EventFCG N11=2861 N12=22772 N21=18808 N22=205559 Prod_Total=25633 Event_Total=21669 Total=250000
RR=15120.925 ROR=1.373 IC=0.365 PRR=1.331 LNPRR_SE=0.018953306 PRR_LCL=1.283 PRR_UCL=1.382 EXP11=2221.765908
EXP12=23411.234092 EXP21=19447.234092 EXP22=204919.76591 PRR_CHISQ=224.377 PRR_PVALUE=<.0001 PRR_E11=2148.7360619
PRR_SRR=1.3314033068 E11=2221.765908 EBGM_Unadj=1.2877144211 p1=0.9981128451 q1=0.0018871549 p2=0.9952568034
q2=0.0047431966 f1=0.0002499835 f2=. f=. mc=1E-150 c=0 c1=1 Qn=. E_Lambda=. E_LogLambda=. EBlog2=. EBGM=.
alpha1_=2868.6911218 beta1_=2225.9666518 alpha2_=3068.2014026 beta2_=2232.3544038 EBGM05=. EBGM95=. _ERROR_=1 _N_=298894
NOTE: Invalid argument to function EXP(726.9487608) at line 370 column 252.
Drugs=DrugDEA Events=EventFC N11=2519 N12=15315 N21=20271 N22=211895 Prod_Total=17834 Event_Total=22790 Total=250000
RR=15501.920 ROR=1.719 IC=0.632 PRR=1.618 LNPRR_SE=0.0196452171 PRR_LCL=1.557 PRR_UCL=1.681 EXP11=1625.74744
EXP12=16208.25256 EXP21=21164.25256 EXP22=211001.74744 PRR_CHISQ=581.500 PRR_PVALUE=<.0001 PRR_E11=1557.1315955
PRR_SRR=1.6175198341 E11=1625.74744 EBGM_Unadj=1.5494411604 p1=0.9974227746 q1=0.0025772254 p2=0.993529143 q2=0.006470857
f1=0.0003920923 f2=. f=. mc=1E-150 c=0 c1=1 Qn=. E_Lambda=. E_LogLambda=. EBlog2=. EBGM=. alpha1_=2526.6911218
beta1_=1629.9481838 alpha2_=2726.2014026 beta2_=1636.3359358 EBGM05=. EBGM95=. _ERROR_=1 _N_=317103
25                                                    The SAS System                          15:36 Wednesday, May 2, 2018

NOTE: Invalid argument to function EXP(737.30402091) at line 370 column 252.
Drugs=DrugDEA Events=EventFCG N11=2654 N12=15180 N21=19015 N22=213151 Prod_Total=17834 Event_Total=21669 Total=250000
RR=16796.193 ROR=1.960 IC=0.780 PRR=1.817 LNPRR_SE=0.0192093696 PRR_LCL=1.750 PRR_UCL=1.887 EXP11=1545.779784
EXP12=16288.220216 EXP21=20123.220216 EXP22=212042.77978 PRR_CHISQ=936.744 PRR_PVALUE=<.0001 PRR_E11=1460.6510428
PRR_SRR=1.8167184105 E11=1545.779784 EBGM_Unadj=1.7169327918 p1=0.9972898086 q1=0.0027101914 p2=0.9931966643
q2=0.0068033357 f1=0.0004054517 f2=. f=. mc=1E-150 c=0 c1=1 Qn=. E_Lambda=. E_LogLambda=. EBlog2=. EBGM=.
alpha1_=2661.6911218 beta1_=1549.9805278 alpha2_=2861.2014026 beta2_=1556.3682798 EBGM05=. EBGM95=. _ERROR_=1 _N_=317110
NOTE: Invalid argument to function EXP(721.85166612) at line 370 column 252.
Drugs=DrugDGB Events=EventFC N11=2455 N12=17348 N21=20335 N22=209862 Prod_Total=19803 Event_Total=22790 Total=250000
RR=14409.645 ROR=1.460 IC=0.443 PRR=1.403 LNPRR_SE=0.0200416259 PRR_LCL=1.349 PRR_UCL=1.460 EXP11=1805.24148
EXP12=17997.75852 EXP21=20984.75852 EXP22=209212.24148 PRR_CHISQ=279.461 PRR_PVALUE=<.0001 PRR_E11=1749.3451479
PRR_SRR=1.403267028 E11=1805.24148 EBGM_Unadj=1.3599288667 p1=0.9976784316 q1=0.0023215684 p2=0.9941687846 q2=0.0058312154
f1=0.0003271456 f2=. f=. mc=1E-150 c=0 c1=1 Qn=. E_Lambda=. E_LogLambda=. EBlog2=. EBGM=. alpha1_=2462.6911218
beta1_=1809.4422238 alpha2_=2662.2014026 beta2_=1815.8299758 EBGM05=. EBGM95=. _ERROR_=1 _N_=328267
NOTE: Invalid argument to function EXP(711.51744554) at line 370 column 252.
Drugs=DrugEFA Events=EventBFC N11=2330 N12=15867 N21=5558 N22=226245 Prod_Total=18197 Event_Total=7888 Total=250000
RR=22330.841 ROR=5.978 IC=2.020 PRR=5.340 LNPRR_SE=0.023448609 PRR_LCL=5.100 PRR_UCL=5.591 EXP11=574.151744
EXP12=17622.848256 EXP21=7313.848256 EXP22=224489.15174 PRR_CHISQ=5979.872 PRR_PVALUE=<.0001 PRR_E11=436.31413744
PRR_SRR=5.3352210935 E11=574.151744 EBGM_Unadj=4.0581606245 p1=0.9927367066 q1=0.0072632934 p2=0.9818919666
q2=0.0181080334 f1=0.0000188132 f2=. f=. mc=1E-150 c=0 c1=1 Qn=. E_Lambda=. E_LogLambda=. EBlog2=. EBGM=.
alpha1_=2337.6911218 beta1_=578.35248783 alpha2_=2537.2014026 beta2_=584.7402398 EBGM05=. EBGM95=. _ERROR_=1 _N_=375668
NOTE: Invalid argument to function EXP(768.35777069) at line 370 column 252.
Drugs=DrugEFA Events=EventHJB N11=3102 N12=15095 N21=8728 N22=223075 Prod_Total=18197 Event_Total=11830 Total=250000
RR=25826.756 ROR=5.252 IC=1.848 PRR=4.527 LNPRR_SE=0.0194339478 PRR_LCL=4.358 PRR_UCL=4.703 EXP11=861.08204
EXP12=17335.91796 EXP21=10968.91796 EXP22=220834.08204 PRR_CHISQ=6602.088 PRR_PVALUE=<.0001 PRR_E11=685.16548966
PRR_SRR=4.5248011556 E11=861.08204 EBGM_Unadj=3.6024441992 p1=0.9951452359 q1=0.0048547641 p2=0.98785264 q2=0.01214736
f1=0.0000379858 f2=. f=. mc=1E-150 c=0 c1=1 Qn=. E_Lambda=. E_LogLambda=. EBlog2=. EBGM=. alpha1_=3109.6911218
beta1_=865.28278383 alpha2_=3309.2014026 beta2_=871.6705358 EBGM05=. EBGM95=. _ERROR_=1 _N_=376364
NOTE: Invalid argument to function EXP(792.21139559) at line 370 column 252.
Drugs=DrugFGJ Events=EventFC N11=3495 N12=12953 N21=19295 N22=214257 Prod_Total=16448 Event_Total=22790 Total=250000
RR=22267.955 ROR=2.996 IC=1.221 PRR=2.572 LNPRR_SE=0.0165187943 PRR_LCL=2.490 PRR_UCL=2.657 EXP11=1499.39968
EXP12=14948.60032 EXP21=21290.60032 EXP22=212261.39968 PRR_CHISQ=3128.230 PRR_PVALUE=<.0001 PRR_E11=1358.8586696
PRR_SRR=2.5714331899 E11=1499.39968 EBGM_Unadj=2.3309328704 p1=0.99720621 q1=0.00279379 p2=0.9929876962 q2=0.0070123038
f1=0.0002453813 f2=. f=. mc=1E-150 c=0 c1=1 Qn=. E_Lambda=. E_LogLambda=. EBlog2=. EBGM=. alpha1_=3502.6911218
beta1_=1503.6004238 alpha2_=3702.2014026 beta2_=1509.9881758 EBGM05=. EBGM95=. _ERROR_=1 _N_=431472
NOTE: Invalid argument to function EXP(716.29421355) at line 370 column 252.
Drugs=DrugFGJ Events=EventFCG N11=2387 N12=14061 N21=19282 N22=214270 Prod_Total=16448 Event_Total=21669 Total=250000
RR=15655.744 ROR=1.886 IC=0.743 PRR=1.758 LNPRR_SE=0.0201424521 PRR_LCL=1.690 PRR_UCL=1.829 EXP11=1425.646848
26                                                    The SAS System                          15:36 Wednesday, May 2, 2018

EXP12=15022.353152 EXP21=20243.353152 EXP22=213308.64685 PRR_CHISQ=759.776 PRR_PVALUE=<.0001 PRR_E11=1357.943139
PRR_SRR=1.7575266358 E11=1425.646848 EBGM_Unadj=1.6743276944 p1=0.9970621038 q1=0.0029378962 p2=0.9926276039
q2=0.0073723961 f1=0.000444358 f2=. f=. mc=1E-150 c=0 c1=1 Qn=. E_Lambda=. E_LogLambda=. EBlog2=. EBGM=.
alpha1_=2394.6911218 beta1_=1429.8475918 alpha2_=2594.2014026 beta2_=1436.2353438 EBGM05=. EBGM95=. _ERROR_=1 _N_=431479
NOTE: Invalid argument to function EXP(724.89324597) at line 370 column 252.
Drugs=DrugFGJ Events=EventGBJ N11=2493 N12=13955 N21=3243 N22=230309 Prod_Total=16448 Event_Total=5736 Total=250000
RR=28094.573 ROR=12.687 IC=2.722 PRR=10.916 LNPRR_SE=0.0253850396 PRR_LCL=10.386 PRR_UCL=11.472 EXP11=377.382912
EXP12=16070.617088 EXP21=5358.617088 EXP22=228193.38291 PRR_CHISQ=12993.581 PRR_PVALUE=<.0001 PRR_E11=228.38966911
PRR_SRR=10.893894904 E11=377.382912 EBGM_Unadj=6.6060224794 p1=0.98899129 q1=0.01100871 p2=0.9727080512 q2=0.0272919488
f1=1.7827722E-8 f2=. f=. mc=1E-150 c=0 c1=1 Qn=. E_Lambda=. E_LogLambda=. EBlog2=. EBGM=. alpha1_=2500.6911218
beta1_=381.58365583 alpha2_=2700.2014026 beta2_=387.9714078 EBGM05=. EBGM95=. _ERROR_=1 _N_=431579
NOTE: Invalid argument to function EXP(747.87572989) at line 370 column 252.
Drugs=DrugGDB Events=EventFC N11=2799 N12=17007 N21=19991 N22=210203 Prod_Total=19806 Event_Total=22790 Total=250000
RR=16427.599 ROR=1.731 IC=0.632 PRR=1.627 LNPRR_SE=0.0187738928 PRR_LCL=1.569 PRR_UCL=1.688 EXP11=1805.51496
EXP12=18000.48504 EXP21=20984.48504 EXP22=209209.51496 PRR_CHISQ=653.251 PRR_PVALUE=<.0001 PRR_E11=1720.03504
PRR_SRR=1.6271101343 E11=1805.51496 EBGM_Unadj=1.55025024 p1=0.9976787825 q1=0.0023212175 p2=0.9941696627 q2=0.0058303373
f1=0.0003531301 f2=. f=. mc=1E-150 c=0 c1=1 Qn=. E_Lambda=. E_LogLambda=. EBlog2=. EBGM=. alpha1_=2806.6911218
beta1_=1809.7157038 alpha2_=3006.2014026 beta2_=1816.1034558 EBGM05=. EBGM95=. _ERROR_=1 _N_=465970
NOTE: Invalid argument to function EXP(729.52850323) at line 370 column 252.
WARNING: Limit set by ERRORS= option reached.  Further errors of this type will not be printed.
Drugs=DrugGDB Events=EventFCG N11=2552 N12=17254 N21=19117 N22=211077 Prod_Total=19806 Event_Total=21669 Total=250000
RR=15382.761 ROR=1.633 IC=0.572 PRR=1.552 LNPRR_SE=0.0197313223 PRR_LCL=1.493 PRR_UCL=1.613 EXP11=1716.704856
EXP12=18089.295144 EXP21=19952.295144 EXP22=210241.70486 PRR_CHISQ=483.287 PRR_PVALUE=<.0001 PRR_E11=1644.835669
PRR_SRR=1.5513551721 E11=1716.704856 EBGM_Unadj=1.4865688712 p1=0.9975589923 q1=0.0024410077 p2=0.9938698914
q2=0.0061301086 f1=0.0003665555 f2=. f=. mc=1E-150 c=0 c1=1 Qn=. E_Lambda=. E_LogLambda=. EBlog2=. EBGM=.
alpha1_=2559.6911218 beta1_=1720.9055998 alpha2_=2759.2014026 beta2_=1727.2933518 EBGM05=. EBGM95=. _ERROR_=1 _N_=465977
NOTE: Missing values were generated as a result of performing an operation on missing values.
      Each place is given by: (Number of times) at (Line):(Column).
      36 at 370:251   36 at 370:88    36 at 370:16    36 at 370:78    36 at 370:102   36 at 370:196   36 at 370:51
      36 at 370:68    36 at 370:102   36 at 370:127   36 at 370:100   36 at 370:166   36 at 370:170   36 at 370:235
      36 at 370:49    36 at 370:53    
NOTE: Mathematical operations could not be performed at the following places. The results of the operations have been set 
      to missing values.
      Each place is given by: (Number of times) at (Line):(Column).
      36 at 370:252   
NOTE: There were 651893 observations read from the data set WORK.EX4.
NOTE: The data set WORK.EX4 has 651893 observations and 29 variables.
NOTE: DATA statement used (Total process time):
27                                                    The SAS System                          15:36 Wednesday, May 2, 2018

      real time           9.61 seconds
      cpu time            9.54 seconds
      


NOTE: SAS Institute Inc., SAS Campus Drive, Cary, NC USA 27513-2414
NOTE: The SAS System used:
      real time           44:57.75
      cpu time            3:23:59.06
      
